生成启动时间为 2016/8/31 星期三 9:20:53。
     1>项目“F:\MySelf\uCOSII2.91_Demo VS2010-1\uCOSII2.91_Demo VS2010\uCOSII2.91_Demo\uCOSII_Demo\uCOSII_Demo.vcxproj”在节点 2 上(build 个目标)。
     1>InitializeBuildStatus:
         正在对“Debug\uCOSII_Demo.unsuccessfulbuild”执行 Touch 任务。
       ClCompile:
         C:\Program Files (x86)\Microsoft Visual Studio 10.0\VC\bin\CL.exe /c /ZI /nologo /W3 /WX- /Od /Oy- /D WIN32 /D _DEBUG /D _CONSOLE /D _UNICODE /D UNICODE /Gm /EHsc /RTC1 /MDd /GS /fp:precise /Zc:wchar_t /Zc:forScope /Fo"Debug\\" /Fd"Debug\vc100.pdb" /Gd /TC /analyze- /errorReport:prompt winuart.c
         winuart.c
     1>f:\myself\ucosii2.91_demo vs2010-1\ucosii2.91_demo vs2010\ucosii2.91_demo\ucosii_demo\winuart.c(33): warning C4133: “函数”: 从“char [10]”到“LPCWSTR”的类型不兼容
     1>f:\myself\ucosii2.91_demo vs2010-1\ucosii2.91_demo vs2010\ucosii2.91_demo\ucosii_demo\winuart.c(81): warning C4700: 使用了未初始化的局部变量“pvData”
       ManifestResourceCompile:
         C:\Program Files (x86)\Microsoft SDKs\Windows\v7.0A\bin\rc.exe /nologo /fo"Debug\uCOSII_Demo.exe.embed.manifest.res" Debug\uCOSII_Demo_manifest.rc 
       Link:
         C:\Program Files (x86)\Microsoft Visual Studio 10.0\VC\bin\link.exe /ERRORREPORT:PROMPT /OUT:"F:\MySelf\uCOSII2.91_Demo VS2010-1\uCOSII2.91_Demo VS2010\uCOSII2.91_Demo\Debug\uCOSII_Demo.exe" /INCREMENTAL /NOLOGO WinMM.lib kernel32.lib user32.lib gdi32.lib winspool.lib comdlg32.lib advapi32.lib shell32.lib ole32.lib oleaut32.lib uuid.lib odbc32.lib odbccp32.lib /MANIFEST /ManifestFile:"Debug\uCOSII_Demo.exe.intermediate.manifest" /MANIFESTUAC:"level='asInvoker' uiAccess='false'" /DEBUG /PDB:"F:\MySelf\uCOSII2.91_Demo VS2010-1\uCOSII2.91_Demo VS2010\uCOSII2.91_Demo\Debug\uCOSII_Demo.pdb" /SUBSYSTEM:CONSOLE /TLBID:1 /DYNAMICBASE /NXCOMPAT /IMPLIB:"F:\MySelf\uCOSII2.91_Demo VS2010-1\uCOSII2.91_Demo VS2010\uCOSII2.91_Demo\Debug\uCOSII_Demo.lib" /MACHINE:X86 Debug\uCOSII_Demo.exe.embed.manifest.res
         Debug\os_cpu_c.obj
         Debug\os_trace.obj
         Debug\ucos_ii.obj
         Debug\main.obj
         Debug\winuart.obj
       Manifest:
         C:\Program Files (x86)\Microsoft SDKs\Windows\v7.0A\bin\mt.exe /nologo /verbose /out:"Debug\uCOSII_Demo.exe.embed.manifest" /manifest Debug\uCOSII_Demo.exe.intermediate.manifest
         所有输出均为最新。
       LinkEmbedManifest:
         所有输出均为最新。
         uCOSII_Demo.vcxproj -> F:\MySelf\uCOSII2.91_Demo VS2010-1\uCOSII2.91_Demo VS2010\uCOSII2.91_Demo\Debug\uCOSII_Demo.exe
       FinalizeBuildStatus:
         正在删除文件“Debug\uCOSII_Demo.unsuccessfulbuild”。
         正在对“Debug\uCOSII_Demo.lastbuildstate”执行 Touch 任务。
     1>已完成生成项目“F:\MySelf\uCOSII2.91_Demo VS2010-1\uCOSII2.91_Demo VS2010\uCOSII2.91_Demo\uCOSII_Demo\uCOSII_Demo.vcxproj”(build 个目标)的操作。

生成成功。

已用时间 00:00:01.82
